TN:
SF:src\api\services\address.service.ts
FN:6,(anonymous_14)
FN:10,AddressService
FN:14,(anonymous_16)
FN:25,(anonymous_19)
FN:57,(anonymous_22)
FN:71,(anonymous_25)
FN:96,(anonymous_28)
FN:105,(anonymous_31)
FN:126,(anonymous_32)
FN:140,(anonymous_35)
FNF:10
FNH:3
FNDA:1,(anonymous_14)
FNDA:1,AddressService
FNDA:0,(anonymous_16)
FNDA:0,(anonymous_19)
FNDA:0,(anonymous_22)
FNDA:0,(anonymous_25)
FNDA:0,(anonymous_28)
FNDA:1,(anonymous_31)
FNDA:0,(anonymous_32)
FNDA:0,(anonymous_35)
DA:1,1
DA:2,1
DA:4,1
DA:6,1
DA:11,1
DA:14,1
DA:15,0
DA:16,0
DA:22,0
DA:25,1
DA:26,0
DA:51,0
DA:52,0
DA:54,0
DA:57,1
DA:58,0
DA:59,0
DA:68,0
DA:71,1
DA:72,0
DA:90,0
DA:91,0
DA:93,0
DA:96,1
DA:97,0
DA:98,0
DA:102,0
DA:105,1
DA:106,1
DA:108,1
DA:120,0
DA:123,1
DA:126,1
DA:127,0
DA:128,0
DA:135,0
DA:137,0
DA:140,1
DA:141,0
DA:154,0
DA:155,0
DA:156,0
DA:158,0
DA:159,0
DA:160,0
DA:161,0
DA:164,0
DA:165,0
DA:166,0
DA:167,0
DA:168,0
DA:169,0
DA:170,0
DA:171,0
DA:172,0
DA:173,0
DA:177,0
DA:180,1
LF:58
LH:17
BRDA:16,0,0,0
BRDA:30,1,0,0
BRDA:30,1,1,0
BRDA:30,2,0,0
BRDA:30,2,1,0
BRDA:31,3,0,0
BRDA:31,3,1,0
BRDA:31,4,0,0
BRDA:31,4,1,0
BRDA:32,5,0,0
BRDA:32,5,1,0
BRDA:32,6,0,0
BRDA:32,6,1,0
BRDA:33,7,0,0
BRDA:33,7,1,0
BRDA:33,8,0,0
BRDA:33,8,1,0
BRDA:34,9,0,0
BRDA:34,9,1,0
BRDA:34,10,0,0
BRDA:34,10,1,0
BRDA:35,11,0,0
BRDA:35,11,1,0
BRDA:35,12,0,0
BRDA:35,12,1,0
BRDA:36,13,0,0
BRDA:36,13,1,0
BRDA:36,14,0,0
BRDA:36,14,1,0
BRDA:38,15,0,0
BRDA:38,15,1,0
BRDA:59,16,0,0
BRDA:77,17,0,0
BRDA:77,17,1,0
BRDA:98,18,0,0
BRDA:108,19,0,0
BRDA:108,20,0,1
BRDA:108,20,1,1
BRDA:108,20,2,1
BRDA:108,20,3,1
BRDA:108,20,4,1
BRDA:108,20,5,1
BRDA:108,20,6,1
BRDA:108,20,7,1
BRDA:108,20,8,1
BRDA:108,20,9,1
BRDA:108,20,10,1
BRDA:108,20,11,1
BRDA:128,21,0,0
BRDA:135,22,0,0
BRDA:135,22,1,0
BRDA:177,23,0,0
BRDA:154,24,0,0
BRDA:158,25,0,0
BRDA:165,26,0,0
BRDA:165,26,1,0
BRDA:166,27,0,0
BRDA:166,27,1,0
BRDA:167,28,0,0
BRDA:167,28,1,0
BRDA:168,29,0,0
BRDA:168,29,1,0
BRF:62
BRH:12
end_of_record
TN:
SF:src\api\services\administrator.service.ts
FN:4,(anonymous_13)
FN:8,AdministratorService
FN:12,(anonymous_15)
FN:19,(anonymous_18)
FN:40,(anonymous_21)
FN:51,(anonymous_24)
FN:72,(anonymous_27)
FN:81,(anonymous_30)
FN:95,(anonymous_33)
FN:111,(anonymous_34)
FNF:10
FNH:3
FNDA:1,(anonymous_13)
FNDA:1,AdministratorService
FNDA:0,(anonymous_15)
FNDA:0,(anonymous_18)
FNDA:0,(anonymous_21)
FNDA:0,(anonymous_24)
FNDA:0,(anonymous_27)
FNDA:0,(anonymous_30)
FNDA:1,(anonymous_33)
FNDA:0,(anonymous_34)
DA:1,1
DA:2,1
DA:4,1
DA:9,1
DA:12,1
DA:13,0
DA:14,0
DA:16,0
DA:19,1
DA:20,0
DA:34,0
DA:35,0
DA:37,0
DA:40,1
DA:41,0
DA:42,0
DA:48,0
DA:51,1
DA:52,0
DA:66,0
DA:67,0
DA:69,0
DA:72,1
DA:73,0
DA:74,0
DA:78,0
DA:81,1
DA:82,0
DA:83,0
DA:90,0
DA:92,0
DA:95,1
DA:96,1
DA:98,1
DA:105,0
DA:108,1
DA:111,1
DA:112,0
DA:113,0
DA:120,0
DA:122,0
DA:125,1
LF:42
LH:16
BRDA:14,0,0,0
BRDA:42,1,0,0
BRDA:74,2,0,0
BRDA:83,3,0,0
BRDA:90,4,0,0
BRDA:90,4,1,0
BRDA:98,5,0,0
BRDA:98,6,0,1
BRDA:98,6,1,1
BRDA:98,6,2,1
BRDA:98,6,3,1
BRDA:98,6,4,1
BRDA:98,6,5,1
BRDA:98,6,6,1
BRDA:113,7,0,0
BRDA:120,8,0,0
BRDA:120,8,1,0
BRF:17
BRH:7
end_of_record
TN:
SF:src\api\services\advisor.service.ts
FN:5,(anonymous_13)
FN:9,AdvisorService
FN:13,(anonymous_15)
FN:27,(anonymous_18)
FN:49,(anonymous_21)
FN:64,(anonymous_24)
FN:85,(anonymous_27)
FN:94,(anonymous_30)
FN:110,(anonymous_31)
FN:124,(anonymous_34)
FNF:10
FNH:3
FNDA:1,(anonymous_13)
FNDA:1,AdvisorService
FNDA:0,(anonymous_15)
FNDA:0,(anonymous_18)
FNDA:0,(anonymous_21)
FNDA:0,(anonymous_24)
FNDA:0,(anonymous_27)
FNDA:1,(anonymous_30)
FNDA:0,(anonymous_31)
FNDA:0,(anonymous_34)
DA:1,1
DA:2,1
DA:5,1
DA:10,1
DA:13,1
DA:14,0
DA:15,0
DA:24,0
DA:27,1
DA:28,0
DA:43,0
DA:44,0
DA:46,0
DA:49,1
DA:50,0
DA:51,0
DA:61,0
DA:64,1
DA:65,0
DA:79,0
DA:80,0
DA:82,0
DA:85,1
DA:86,0
DA:87,0
DA:91,0
DA:94,1
DA:95,1
DA:97,1
DA:104,0
DA:107,1
DA:110,1
DA:111,0
DA:112,0
DA:119,0
DA:121,0
DA:124,1
DA:125,0
DA:126,0
DA:133,0
DA:135,0
DA:138,1
LF:42
LH:16
BRDA:15,0,0,0
BRDA:51,1,0,0
BRDA:87,2,0,0
BRDA:97,3,0,0
BRDA:97,4,0,1
BRDA:97,4,1,1
BRDA:97,4,2,1
BRDA:97,4,3,1
BRDA:97,4,4,1
BRDA:97,4,5,1
BRDA:97,4,6,1
BRDA:112,5,0,0
BRDA:119,6,0,0
BRDA:119,6,1,0
BRDA:126,7,0,0
BRDA:133,8,0,0
BRDA:133,8,1,0
BRF:17
BRH:7
end_of_record
TN:
SF:src\api\services\broker.service.ts
FN:5,(anonymous_13)
FN:9,BrokerService
FN:13,(anonymous_15)
FN:27,(anonymous_18)
FN:49,(anonymous_21)
FN:64,(anonymous_24)
FN:85,(anonymous_27)
FN:94,(anonymous_30)
FN:110,(anonymous_31)
FN:124,(anonymous_34)
FNF:10
FNH:3
FNDA:1,(anonymous_13)
FNDA:1,BrokerService
FNDA:0,(anonymous_15)
FNDA:0,(anonymous_18)
FNDA:0,(anonymous_21)
FNDA:0,(anonymous_24)
FNDA:0,(anonymous_27)
FNDA:1,(anonymous_30)
FNDA:0,(anonymous_31)
FNDA:0,(anonymous_34)
DA:1,1
DA:2,1
DA:5,1
DA:10,1
DA:13,1
DA:14,0
DA:15,0
DA:24,0
DA:27,1
DA:28,0
DA:43,0
DA:44,0
DA:46,0
DA:49,1
DA:50,0
DA:51,0
DA:61,0
DA:64,1
DA:65,0
DA:79,0
DA:80,0
DA:82,0
DA:85,1
DA:86,0
DA:87,0
DA:91,0
DA:94,1
DA:95,1
DA:97,1
DA:104,0
DA:107,1
DA:110,1
DA:111,0
DA:112,0
DA:119,0
DA:121,0
DA:124,1
DA:125,0
DA:126,0
DA:133,0
DA:135,0
DA:138,1
LF:42
LH:16
BRDA:15,0,0,0
BRDA:51,1,0,0
BRDA:87,2,0,0
BRDA:97,3,0,0
BRDA:97,4,0,1
BRDA:97,4,1,1
BRDA:97,4,2,1
BRDA:97,4,3,1
BRDA:97,4,4,1
BRDA:97,4,5,1
BRDA:97,4,6,1
BRDA:112,5,0,0
BRDA:119,6,0,0
BRDA:119,6,1,0
BRDA:126,7,0,0
BRDA:133,8,0,0
BRDA:133,8,1,0
BRF:17
BRH:7
end_of_record
TN:
SF:src\api\services\business.service.ts
FN:8,(anonymous_14)
FN:12,BusinessService
FN:16,(anonymous_16)
FN:31,(anonymous_19)
FN:73,(anonymous_22)
FN:91,(anonymous_25)
FN:132,(anonymous_28)
FN:141,(anonymous_31)
FN:171,(anonymous_32)
FN:185,(anonymous_35)
FN:199,(anonymous_38)
FN:213,(anonymous_41)
FN:227,(anonymous_44)
FN:238,(anonymous_47)
FN:249,(anonymous_50)
FN:267,(anonymous_53)
FNF:16
FNH:3
FNDA:1,(anonymous_14)
FNDA:1,BusinessService
FNDA:0,(anonymous_16)
FNDA:0,(anonymous_19)
FNDA:0,(anonymous_22)
FNDA:0,(anonymous_25)
FNDA:0,(anonymous_28)
FNDA:1,(anonymous_31)
FNDA:0,(anonymous_32)
FNDA:0,(anonymous_35)
FNDA:0,(anonymous_38)
FNDA:0,(anonymous_41)
FNDA:0,(anonymous_44)
FNDA:0,(anonymous_47)
FNDA:0,(anonymous_50)
FNDA:0,(anonymous_53)
DA:1,1
DA:2,1
DA:6,1
DA:8,1
DA:13,1
DA:16,1
DA:17,0
DA:18,0
DA:28,0
DA:31,1
DA:32,0
DA:67,0
DA:68,0
DA:70,0
DA:73,1
DA:74,0
DA:75,0
DA:88,0
DA:91,1
DA:92,0
DA:126,0
DA:127,0
DA:129,0
DA:132,1
DA:133,0
DA:134,0
DA:138,0
DA:141,1
DA:142,1
DA:144,1
DA:165,0
DA:168,1
DA:171,1
DA:172,0
DA:173,0
DA:180,0
DA:182,0
DA:185,1
DA:186,0
DA:187,0
DA:196,0
DA:199,1
DA:200,0
DA:201,0
DA:210,0
DA:213,1
DA:214,0
DA:215,0
DA:224,0
DA:227,1
DA:228,0
DA:229,0
DA:235,0
DA:238,1
DA:239,0
DA:240,0
DA:246,0
DA:249,1
DA:250,0
DA:251,0
DA:253,0
DA:254,0
DA:266,0
DA:268,0
DA:269,0
DA:272,0
DA:275,0
DA:278,1
LF:68
LH:22
BRDA:18,0,0,0
BRDA:35,1,0,0
BRDA:35,1,1,0
BRDA:35,2,0,0
BRDA:35,2,1,0
BRDA:36,3,0,0
BRDA:36,3,1,0
BRDA:36,4,0,0
BRDA:36,4,1,0
BRDA:37,5,0,0
BRDA:37,5,1,0
BRDA:37,6,0,0
BRDA:37,6,1,0
BRDA:38,7,0,0
BRDA:38,7,1,0
BRDA:38,8,0,0
BRDA:38,8,1,0
BRDA:39,9,0,0
BRDA:39,9,1,0
BRDA:39,10,0,0
BRDA:39,10,1,0
BRDA:75,11,0,0
BRDA:95,12,0,0
BRDA:95,12,1,0
BRDA:95,13,0,0
BRDA:95,13,1,0
BRDA:96,14,0,0
BRDA:96,14,1,0
BRDA:96,15,0,0
BRDA:96,15,1,0
BRDA:97,16,0,0
BRDA:97,16,1,0
BRDA:97,17,0,0
BRDA:97,17,1,0
BRDA:98,18,0,0
BRDA:98,18,1,0
BRDA:98,19,0,0
BRDA:98,19,1,0
BRDA:134,20,0,0
BRDA:144,21,0,0
BRDA:144,22,0,1
BRDA:144,22,1,1
BRDA:144,22,2,1
BRDA:144,22,3,1
BRDA:144,22,4,1
BRDA:144,22,5,1
BRDA:144,22,6,1
BRDA:144,22,7,1
BRDA:144,22,8,1
BRDA:144,22,9,1
BRDA:144,22,10,1
BRDA:144,22,11,1
BRDA:144,22,12,1
BRDA:144,22,13,1
BRDA:144,22,14,1
BRDA:144,22,15,1
BRDA:144,22,16,1
BRDA:144,22,17,1
BRDA:144,22,18,1
BRDA:144,22,19,1
BRDA:144,22,20,1
BRDA:173,23,0,0
BRDA:180,24,0,0
BRDA:180,24,1,0
BRDA:187,25,0,0
BRDA:201,26,0,0
BRDA:215,27,0,0
BRDA:229,28,0,0
BRDA:240,29,0,0
BRDA:269,30,0,0
BRF:70
BRH:21
end_of_record
TN:
SF:src\api\services\city.service.ts
FN:4,(anonymous_13)
FN:8,CityService
FN:12,(anonymous_15)
FN:23,(anonymous_18)
FN:36,(anonymous_21)
FN:50,(anonymous_24)
FN:64,(anonymous_27)
FN:73,(anonymous_30)
FN:83,(anonymous_31)
FNF:9
FNH:3
FNDA:1,(anonymous_13)
FNDA:1,CityService
FNDA:0,(anonymous_15)
FNDA:0,(anonymous_18)
FNDA:0,(anonymous_21)
FNDA:0,(anonymous_24)
FNDA:0,(anonymous_27)
FNDA:1,(anonymous_30)
FNDA:0,(anonymous_31)
DA:1,1
DA:2,1
DA:4,1
DA:9,1
DA:12,1
DA:13,0
DA:14,0
DA:20,0
DA:23,1
DA:24,0
DA:30,0
DA:31,0
DA:33,0
DA:36,1
DA:37,0
DA:38,0
DA:47,0
DA:50,1
DA:51,0
DA:58,0
DA:59,0
DA:61,0
DA:64,1
DA:65,0
DA:66,0
DA:70,0
DA:73,1
DA:74,1
DA:76,1
DA:77,0
DA:80,1
DA:83,1
DA:84,0
DA:85,0
DA:92,0
DA:94,0
DA:97,1
LF:37
LH:15
BRDA:14,0,0,0
BRDA:38,1,0,0
BRDA:66,2,0,0
BRDA:76,3,0,0
BRDA:85,4,0,0
BRDA:92,5,0,0
BRDA:92,5,1,0
BRF:7
BRH:0
end_of_record
TN:
SF:src\api\services\commission-payable.service.ts
FN:5,(anonymous_14)
FN:9,CommissionPayableService
FN:13,(anonymous_16)
FN:26,(anonymous_19)
FN:43,(anonymous_22)
FN:59,(anonymous_25)
FN:74,(anonymous_28)
FN:83,(anonymous_31)
FN:95,(anonymous_32)
FN:109,(anonymous_35)
FN:123,(anonymous_38)
FNF:11
FNH:3
FNDA:1,(anonymous_14)
FNDA:1,CommissionPayableService
FNDA:0,(anonymous_16)
FNDA:0,(anonymous_19)
FNDA:0,(anonymous_22)
FNDA:0,(anonymous_25)
FNDA:0,(anonymous_28)
FNDA:1,(anonymous_31)
FNDA:0,(anonymous_32)
FNDA:0,(anonymous_35)
FNDA:0,(anonymous_38)
DA:1,1
DA:2,1
DA:3,1
DA:5,1
DA:10,1
DA:13,1
DA:14,0
DA:15,0
DA:23,0
DA:26,1
DA:27,0
DA:37,0
DA:38,0
DA:40,0
DA:43,1
DA:44,0
DA:45,0
DA:56,0
DA:59,1
DA:60,0
DA:68,0
DA:69,0
DA:71,0
DA:74,1
DA:75,0
DA:76,0
DA:80,0
DA:83,1
DA:84,1
DA:86,1
DA:89,0
DA:92,1
DA:95,1
DA:96,0
DA:97,0
DA:104,0
DA:106,0
DA:109,1
DA:110,0
DA:111,0
DA:113,0
DA:114,0
DA:122,0
DA:124,0
DA:125,0
DA:128,0
DA:131,0
DA:134,1
LF:48
LH:17
BRDA:15,0,0,0
BRDA:45,1,0,0
BRDA:76,2,0,0
BRDA:86,3,0,0
BRDA:86,4,0,1
BRDA:86,4,1,1
BRDA:86,4,2,1
BRDA:97,5,0,0
BRDA:104,6,0,0
BRDA:104,6,1,0
BRDA:125,7,0,0
BRF:11
BRH:3
end_of_record
TN:
SF:src\api\services\commission-receivable.service.ts
FN:5,(anonymous_14)
FN:9,CommissionReceivableService
FN:13,(anonymous_16)
FN:25,(anonymous_19)
FN:40,(anonymous_22)
FN:55,(anonymous_25)
FN:69,(anonymous_28)
FN:78,(anonymous_31)
FN:89,(anonymous_32)
FN:103,(anonymous_35)
FN:116,(anonymous_38)
FNF:11
FNH:3
FNDA:1,(anonymous_14)
FNDA:1,CommissionReceivableService
FNDA:0,(anonymous_16)
FNDA:0,(anonymous_19)
FNDA:0,(anonymous_22)
FNDA:0,(anonymous_25)
FNDA:0,(anonymous_28)
FNDA:1,(anonymous_31)
FNDA:0,(anonymous_32)
FNDA:0,(anonymous_35)
FNDA:0,(anonymous_38)
DA:1,1
DA:2,1
DA:3,1
DA:5,1
DA:10,1
DA:13,1
DA:14,0
DA:15,0
DA:22,0
DA:25,1
DA:26,0
DA:34,0
DA:35,0
DA:37,0
DA:40,1
DA:41,0
DA:42,0
DA:52,0
DA:55,1
DA:56,0
DA:63,0
DA:64,0
DA:66,0
DA:69,1
DA:70,0
DA:71,0
DA:75,0
DA:78,1
DA:79,1
DA:81,1
DA:83,0
DA:86,1
DA:89,1
DA:90,0
DA:91,0
DA:98,0
DA:100,0
DA:103,1
DA:104,0
DA:105,0
DA:107,0
DA:108,0
DA:115,0
DA:117,0
DA:118,0
DA:121,0
DA:124,0
DA:127,1
LF:48
LH:17
BRDA:15,0,0,0
BRDA:42,1,0,0
BRDA:71,2,0,0
BRDA:81,3,0,0
BRDA:81,4,0,1
BRDA:81,4,1,1
BRDA:91,5,0,0
BRDA:98,6,0,0
BRDA:98,6,1,0
BRDA:118,7,0,0
BRF:10
BRH:2
end_of_record
TN:
SF:src\api\services\company.service.ts
FN:5,(anonymous_13)
FN:9,CompanyService
FN:13,(anonymous_15)
FN:24,(anonymous_18)
FN:41,(anonymous_21)
FN:52,(anonymous_24)
FN:70,(anonymous_27)
FN:79,(anonymous_30)
FN:90,(anonymous_31)
FN:102,(anonymous_32)
FN:116,(anonymous_35)
FNF:11
FNH:4
FNDA:1,(anonymous_13)
FNDA:1,CompanyService
FNDA:0,(anonymous_15)
FNDA:0,(anonymous_18)
FNDA:0,(anonymous_21)
FNDA:0,(anonymous_24)
FNDA:0,(anonymous_27)
FNDA:1,(anonymous_30)
FNDA:1,(anonymous_31)
FNDA:0,(anonymous_32)
FNDA:0,(anonymous_35)
DA:1,1
DA:2,1
DA:5,1
DA:10,1
DA:13,1
DA:14,0
DA:15,0
DA:21,0
DA:24,1
DA:25,0
DA:35,0
DA:36,0
DA:38,0
DA:41,1
DA:42,0
DA:43,0
DA:49,0
DA:52,1
DA:53,0
DA:64,0
DA:65,0
DA:67,0
DA:70,1
DA:71,0
DA:72,0
DA:76,0
DA:79,1
DA:81,1
DA:87,1
DA:90,1
DA:91,1
DA:93,1
DA:96,0
DA:99,1
DA:102,1
DA:103,0
DA:104,0
DA:111,0
DA:113,0
DA:116,1
DA:117,0
DA:118,0
DA:125,0
DA:127,0
DA:130,1
LF:45
LH:19
BRDA:15,0,0,0
BRDA:43,1,0,0
BRDA:72,2,0,0
BRDA:93,3,0,0
BRDA:93,4,0,1
BRDA:93,4,1,1
BRDA:93,4,2,1
BRDA:104,5,0,0
BRDA:111,6,0,0
BRDA:111,6,1,0
BRDA:118,7,0,0
BRDA:125,8,0,0
BRDA:125,8,1,0
BRF:13
BRH:3
end_of_record
TN:
SF:src\api\services\customer.service.ts
FN:5,(anonymous_13)
FN:9,CustomerService
FN:13,(anonymous_15)
FN:27,(anonymous_18)
FN:49,(anonymous_21)
FN:64,(anonymous_24)
FN:85,(anonymous_27)
FN:94,(anonymous_30)
FN:110,(anonymous_31)
FN:124,(anonymous_34)
FNF:10
FNH:3
FNDA:1,(anonymous_13)
FNDA:1,CustomerService
FNDA:0,(anonymous_15)
FNDA:0,(anonymous_18)
FNDA:0,(anonymous_21)
FNDA:0,(anonymous_24)
FNDA:0,(anonymous_27)
FNDA:1,(anonymous_30)
FNDA:0,(anonymous_31)
FNDA:0,(anonymous_34)
DA:1,1
DA:2,1
DA:5,1
DA:10,1
DA:13,1
DA:14,0
DA:15,0
DA:24,0
DA:27,1
DA:28,0
DA:43,0
DA:44,0
DA:46,0
DA:49,1
DA:50,0
DA:51,0
DA:61,0
DA:64,1
DA:65,0
DA:79,0
DA:80,0
DA:82,0
DA:85,1
DA:86,0
DA:87,0
DA:91,0
DA:94,1
DA:95,1
DA:97,1
DA:104,0
DA:107,1
DA:110,1
DA:111,0
DA:112,0
DA:119,0
DA:121,0
DA:124,1
DA:125,0
DA:126,0
DA:133,0
DA:135,0
DA:138,1
LF:42
LH:16
BRDA:15,0,0,0
BRDA:51,1,0,0
BRDA:87,2,0,0
BRDA:97,3,0,0
BRDA:97,4,0,1
BRDA:97,4,1,1
BRDA:97,4,2,1
BRDA:97,4,3,1
BRDA:97,4,4,1
BRDA:97,4,5,1
BRDA:97,4,6,1
BRDA:112,5,0,0
BRDA:119,6,0,0
BRDA:119,6,1,0
BRDA:126,7,0,0
BRDA:133,8,0,0
BRDA:133,8,1,0
BRF:17
BRH:7
end_of_record
TN:
SF:src\api\services\lead.service.ts
FN:5,(anonymous_14)
FN:9,LeadService
FN:13,(anonymous_16)
FN:24,(anonymous_19)
FN:49,(anonymous_22)
FN:63,(anonymous_25)
FN:85,(anonymous_28)
FN:94,(anonymous_31)
FN:113,(anonymous_32)
FN:127,(anonymous_35)
FN:145,(anonymous_38)
FN:158,(anonymous_41)
FNF:12
FNH:3
FNDA:1,(anonymous_14)
FNDA:1,LeadService
FNDA:0,(anonymous_16)
FNDA:0,(anonymous_19)
FNDA:0,(anonymous_22)
FNDA:0,(anonymous_25)
FNDA:0,(anonymous_28)
FNDA:1,(anonymous_31)
FNDA:0,(anonymous_32)
FNDA:0,(anonymous_35)
FNDA:0,(anonymous_38)
FNDA:0,(anonymous_41)
DA:1,1
DA:2,1
DA:3,1
DA:5,1
DA:10,1
DA:13,1
DA:14,0
DA:15,0
DA:21,0
DA:24,1
DA:25,0
DA:43,0
DA:44,0
DA:46,0
DA:49,1
DA:50,0
DA:51,0
DA:60,0
DA:63,1
DA:64,0
DA:79,0
DA:80,0
DA:82,0
DA:85,1
DA:86,0
DA:87,0
DA:91,0
DA:94,1
DA:95,1
DA:97,1
DA:107,0
DA:110,1
DA:113,1
DA:114,0
DA:115,0
DA:122,0
DA:124,0
DA:127,1
DA:128,0
DA:129,0
DA:136,0
DA:138,0
DA:145,1
DA:146,0
DA:147,0
DA:149,0
DA:150,0
DA:157,0
DA:159,0
DA:160,0
DA:163,0
DA:166,0
DA:169,1
LF:53
LH:18
BRDA:15,0,0,0
BRDA:28,1,0,0
BRDA:28,1,1,0
BRDA:28,2,0,0
BRDA:28,2,1,0
BRDA:29,3,0,0
BRDA:29,3,1,0
BRDA:29,4,0,0
BRDA:29,4,1,0
BRDA:30,5,0,0
BRDA:30,5,1,0
BRDA:30,6,0,0
BRDA:30,6,1,0
BRDA:51,7,0,0
BRDA:87,8,0,0
BRDA:97,9,0,0
BRDA:97,10,0,1
BRDA:97,10,1,1
BRDA:97,10,2,1
BRDA:97,10,3,1
BRDA:97,10,4,1
BRDA:97,10,5,1
BRDA:97,10,6,1
BRDA:97,10,7,1
BRDA:97,10,8,1
BRDA:97,10,9,1
BRDA:115,11,0,0
BRDA:122,12,0,0
BRDA:122,12,1,0
BRDA:129,13,0,0
BRDA:136,14,0,0
BRDA:136,14,1,0
BRDA:160,15,0,0
BRF:33
BRH:10
end_of_record
TN:
SF:src\api\services\manager.service.ts
FN:5,(anonymous_13)
FN:9,ManagerService
FN:13,(anonymous_15)
FN:27,(anonymous_18)
FN:49,(anonymous_21)
FN:64,(anonymous_24)
FN:85,(anonymous_27)
FN:94,(anonymous_30)
FN:110,(anonymous_31)
FN:124,(anonymous_34)
FNF:10
FNH:3
FNDA:1,(anonymous_13)
FNDA:1,ManagerService
FNDA:0,(anonymous_15)
FNDA:0,(anonymous_18)
FNDA:0,(anonymous_21)
FNDA:0,(anonymous_24)
FNDA:0,(anonymous_27)
FNDA:1,(anonymous_30)
FNDA:0,(anonymous_31)
FNDA:0,(anonymous_34)
DA:1,1
DA:2,1
DA:5,1
DA:10,1
DA:13,1
DA:14,0
DA:15,0
DA:24,0
DA:27,1
DA:28,0
DA:43,0
DA:44,0
DA:46,0
DA:49,1
DA:50,0
DA:51,0
DA:61,0
DA:64,1
DA:65,0
DA:79,0
DA:80,0
DA:82,0
DA:85,1
DA:86,0
DA:87,0
DA:91,0
DA:94,1
DA:95,1
DA:97,1
DA:104,0
DA:107,1
DA:110,1
DA:111,0
DA:112,0
DA:119,0
DA:121,0
DA:124,1
DA:125,0
DA:126,0
DA:133,0
DA:135,0
DA:138,1
LF:42
LH:16
BRDA:15,0,0,0
BRDA:51,1,0,0
BRDA:87,2,0,0
BRDA:97,3,0,0
BRDA:97,4,0,1
BRDA:97,4,1,1
BRDA:97,4,2,1
BRDA:97,4,3,1
BRDA:97,4,4,1
BRDA:97,4,5,1
BRDA:97,4,6,1
BRDA:112,5,0,0
BRDA:119,6,0,0
BRDA:119,6,1,0
BRDA:126,7,0,0
BRDA:133,8,0,0
BRDA:133,8,1,0
BRF:17
BRH:7
end_of_record
TN:
SF:src\api\services\neighborhood.service.ts
FN:4,(anonymous_13)
FN:8,NeighborhoodService
FN:12,(anonymous_15)
FN:23,(anonymous_18)
FN:36,(anonymous_21)
FN:50,(anonymous_24)
FN:64,(anonymous_27)
FN:73,(anonymous_30)
FN:83,(anonymous_31)
FNF:9
FNH:3
FNDA:1,(anonymous_13)
FNDA:1,NeighborhoodService
FNDA:0,(anonymous_15)
FNDA:0,(anonymous_18)
FNDA:0,(anonymous_21)
FNDA:0,(anonymous_24)
FNDA:0,(anonymous_27)
FNDA:1,(anonymous_30)
FNDA:0,(anonymous_31)
DA:1,1
DA:2,1
DA:4,1
DA:9,1
DA:12,1
DA:13,0
DA:14,0
DA:20,0
DA:23,1
DA:24,0
DA:30,0
DA:31,0
DA:33,0
DA:36,1
DA:37,0
DA:38,0
DA:47,0
DA:50,1
DA:51,0
DA:58,0
DA:59,0
DA:61,0
DA:64,1
DA:65,0
DA:66,0
DA:70,0
DA:73,1
DA:74,1
DA:76,1
DA:77,0
DA:80,1
DA:83,1
DA:84,0
DA:85,0
DA:92,0
DA:94,0
DA:97,1
LF:37
LH:15
BRDA:14,0,0,0
BRDA:38,1,0,0
BRDA:66,2,0,0
BRDA:76,3,0,0
BRDA:85,4,0,0
BRDA:92,5,0,0
BRDA:92,5,1,0
BRF:7
BRH:0
end_of_record
TN:
SF:src\api\services\owner.service.ts
FN:5,(anonymous_13)
FN:9,OwnerService
FN:13,(anonymous_15)
FN:27,(anonymous_18)
FN:50,(anonymous_21)
FN:65,(anonymous_24)
FN:87,(anonymous_27)
FN:96,(anonymous_30)
FN:112,(anonymous_31)
FN:126,(anonymous_34)
FNF:10
FNH:3
FNDA:1,(anonymous_13)
FNDA:1,OwnerService
FNDA:0,(anonymous_15)
FNDA:0,(anonymous_18)
FNDA:0,(anonymous_21)
FNDA:0,(anonymous_24)
FNDA:0,(anonymous_27)
FNDA:1,(anonymous_30)
FNDA:0,(anonymous_31)
FNDA:0,(anonymous_34)
DA:1,1
DA:2,1
DA:5,1
DA:10,1
DA:13,1
DA:14,0
DA:15,0
DA:24,0
DA:27,1
DA:28,0
DA:44,0
DA:45,0
DA:47,0
DA:50,1
DA:51,0
DA:52,0
DA:62,0
DA:65,1
DA:66,0
DA:81,0
DA:82,0
DA:84,0
DA:87,1
DA:88,0
DA:89,0
DA:93,0
DA:96,1
DA:97,1
DA:99,1
DA:106,0
DA:109,1
DA:112,1
DA:113,0
DA:114,0
DA:121,0
DA:123,0
DA:126,1
DA:127,0
DA:128,0
DA:135,0
DA:137,0
DA:140,1
LF:42
LH:16
BRDA:15,0,0,0
BRDA:52,1,0,0
BRDA:89,2,0,0
BRDA:99,3,0,0
BRDA:99,4,0,1
BRDA:99,4,1,1
BRDA:99,4,2,1
BRDA:99,4,3,1
BRDA:99,4,4,1
BRDA:99,4,5,1
BRDA:99,4,6,1
BRDA:114,5,0,0
BRDA:121,6,0,0
BRDA:121,6,1,0
BRDA:128,7,0,0
BRDA:135,8,0,0
BRDA:135,8,1,0
BRF:17
BRH:7
end_of_record
TN:
SF:src\api\services\profile.service.ts
FN:4,(anonymous_13)
FN:8,ProfileService
FN:12,(anonymous_15)
FN:21,(anonymous_18)
FNF:4
FNH:2
FNDA:1,(anonymous_13)
FNDA:1,ProfileService
FNDA:0,(anonymous_15)
FNDA:0,(anonymous_18)
DA:1,1
DA:2,1
DA:4,1
DA:9,1
DA:12,1
DA:13,0
DA:14,0
DA:16,0
DA:21,1
DA:22,0
DA:23,0
DA:29,0
DA:36,1
LF:13
LH:7
BRDA:14,0,0,0
BRDA:23,1,0,0
BRF:2
BRH:0
end_of_record
TN:
SF:src\api\services\property.service.ts
FN:4,(anonymous_13)
FN:8,PropertyService
FN:12,(anonymous_15)
FN:19,(anonymous_18)
FN:50,(anonymous_21)
FN:61,(anonymous_24)
FN:87,(anonymous_27)
FN:96,(anonymous_30)
FN:119,(anonymous_31)
FNF:9
FNH:3
FNDA:1,(anonymous_13)
FNDA:1,PropertyService
FNDA:0,(anonymous_15)
FNDA:0,(anonymous_18)
FNDA:0,(anonymous_21)
FNDA:0,(anonymous_24)
FNDA:0,(anonymous_27)
FNDA:1,(anonymous_30)
FNDA:0,(anonymous_31)
DA:1,1
DA:2,1
DA:4,1
DA:9,1
DA:12,1
DA:13,0
DA:14,0
DA:16,0
DA:19,1
DA:20,0
DA:44,0
DA:45,0
DA:47,0
DA:50,1
DA:51,0
DA:52,0
DA:58,0
DA:61,1
DA:62,0
DA:81,0
DA:82,0
DA:84,0
DA:87,1
DA:88,0
DA:89,0
DA:93,0
DA:96,1
DA:97,1
DA:99,1
DA:113,0
DA:116,1
DA:119,1
DA:120,0
DA:121,0
DA:128,0
DA:130,0
DA:136,1
LF:37
LH:15
BRDA:14,0,0,0
BRDA:23,1,0,0
BRDA:23,1,1,0
BRDA:23,2,0,0
BRDA:23,2,1,0
BRDA:24,3,0,0
BRDA:24,3,1,0
BRDA:24,4,0,0
BRDA:24,4,1,0
BRDA:25,5,0,0
BRDA:25,5,1,0
BRDA:25,6,0,0
BRDA:25,6,1,0
BRDA:26,7,0,0
BRDA:26,7,1,0
BRDA:26,8,0,0
BRDA:26,8,1,0
BRDA:27,9,0,0
BRDA:27,9,1,0
BRDA:27,10,0,0
BRDA:27,10,1,0
BRDA:52,11,0,0
BRDA:89,12,0,0
BRDA:99,13,0,0
BRDA:99,14,0,1
BRDA:99,14,1,1
BRDA:99,14,2,1
BRDA:99,14,3,1
BRDA:99,14,4,1
BRDA:99,14,5,1
BRDA:99,14,6,1
BRDA:99,14,7,1
BRDA:99,14,8,1
BRDA:99,14,9,1
BRDA:99,14,10,1
BRDA:99,14,11,1
BRDA:99,14,12,1
BRDA:99,14,13,1
BRDA:121,15,0,0
BRDA:128,16,0,0
BRDA:128,16,1,0
BRF:41
BRH:14
end_of_record
TN:
SF:src\api\services\secretary.service.ts
FN:5,(anonymous_13)
FN:9,SecretaryService
FN:13,(anonymous_15)
FN:27,(anonymous_18)
FN:49,(anonymous_21)
FN:64,(anonymous_24)
FN:85,(anonymous_27)
FN:94,(anonymous_30)
FN:110,(anonymous_31)
FN:124,(anonymous_34)
FNF:10
FNH:3
FNDA:1,(anonymous_13)
FNDA:1,SecretaryService
FNDA:0,(anonymous_15)
FNDA:0,(anonymous_18)
FNDA:0,(anonymous_21)
FNDA:0,(anonymous_24)
FNDA:0,(anonymous_27)
FNDA:1,(anonymous_30)
FNDA:0,(anonymous_31)
FNDA:0,(anonymous_34)
DA:1,1
DA:2,1
DA:5,1
DA:10,1
DA:13,1
DA:14,0
DA:15,0
DA:24,0
DA:27,1
DA:28,0
DA:43,0
DA:44,0
DA:46,0
DA:49,1
DA:50,0
DA:51,0
DA:61,0
DA:64,1
DA:65,0
DA:79,0
DA:80,0
DA:82,0
DA:85,1
DA:86,0
DA:87,0
DA:91,0
DA:94,1
DA:95,1
DA:97,1
DA:104,0
DA:107,1
DA:110,1
DA:111,0
DA:112,0
DA:119,0
DA:121,0
DA:124,1
DA:125,0
DA:126,0
DA:133,0
DA:135,0
DA:138,1
LF:42
LH:16
BRDA:15,0,0,0
BRDA:51,1,0,0
BRDA:87,2,0,0
BRDA:97,3,0,0
BRDA:97,4,0,1
BRDA:97,4,1,1
BRDA:97,4,2,1
BRDA:97,4,3,1
BRDA:97,4,4,1
BRDA:97,4,5,1
BRDA:97,4,6,1
BRDA:112,5,0,0
BRDA:119,6,0,0
BRDA:119,6,1,0
BRDA:126,7,0,0
BRDA:133,8,0,0
BRDA:133,8,1,0
BRF:17
BRH:7
end_of_record
TN:
SF:src\api\services\state.service.ts
FN:4,(anonymous_13)
FN:8,StateService
FN:12,(anonymous_15)
FN:19,(anonymous_18)
FN:32,(anonymous_21)
FN:43,(anonymous_24)
FN:57,(anonymous_27)
FN:66,(anonymous_30)
FNF:8
FNH:2
FNDA:1,(anonymous_13)
FNDA:1,StateService
FNDA:0,(anonymous_15)
FNDA:0,(anonymous_18)
FNDA:0,(anonymous_21)
FNDA:0,(anonymous_24)
FNDA:0,(anonymous_27)
FNDA:0,(anonymous_30)
DA:1,1
DA:2,1
DA:4,1
DA:9,1
DA:12,1
DA:13,0
DA:14,0
DA:16,0
DA:19,1
DA:20,0
DA:26,0
DA:27,0
DA:29,0
DA:32,1
DA:33,0
DA:34,0
DA:40,0
DA:43,1
DA:44,0
DA:51,0
DA:52,0
DA:54,0
DA:57,1
DA:58,0
DA:59,0
DA:63,0
DA:66,1
DA:67,0
DA:68,0
DA:74,0
DA:77,1
LF:31
LH:11
BRDA:14,0,0,0
BRDA:34,1,0,0
BRDA:59,2,0,0
BRDA:68,3,0,0
BRF:4
BRH:0
end_of_record
TN:
SF:src\api\services\user.service.ts
FN:7,(anonymous_14)
FN:11,UserService
FN:15,(anonymous_16)
FN:48,(anonymous_19)
FN:97,(anonymous_22)
FN:131,(anonymous_25)
FN:148,(anonymous_28)
FN:157,(anonymous_31)
FN:177,(anonymous_34)
FN:191,(anonymous_37)
FN:205,(anonymous_40)
FN:219,(anonymous_43)
FN:233,(anonymous_46)
FN:247,(anonymous_49)
FN:254,(anonymous_52)
FN:266,(anonymous_53)
FN:280,(anonymous_56)
FNF:17
FNH:2
FNDA:1,(anonymous_14)
FNDA:1,UserService
FNDA:0,(anonymous_16)
FNDA:0,(anonymous_19)
FNDA:0,(anonymous_22)
FNDA:0,(anonymous_25)
FNDA:0,(anonymous_28)
FNDA:0,(anonymous_31)
FNDA:0,(anonymous_34)
FNDA:0,(anonymous_37)
FNDA:0,(anonymous_40)
FNDA:0,(anonymous_43)
FNDA:0,(anonymous_46)
FNDA:0,(anonymous_49)
FNDA:0,(anonymous_52)
FNDA:0,(anonymous_53)
FNDA:0,(anonymous_56)
DA:1,1
DA:2,1
DA:3,1
DA:4,1
DA:7,1
DA:12,1
DA:15,1
DA:16,0
DA:17,0
DA:45,0
DA:48,1
DA:49,0
DA:64,0
DA:66,0
DA:67,0
DA:68,0
DA:71,0
DA:72,0
DA:73,0
DA:76,0
DA:77,0
DA:78,0
DA:81,0
DA:82,0
DA:83,0
DA:86,0
DA:87,0
DA:88,0
DA:91,0
DA:92,0
DA:94,0
DA:97,1
DA:98,0
DA:99,0
DA:128,0
DA:131,1
DA:132,0
DA:140,0
DA:142,0
DA:143,0
DA:145,0
DA:148,1
DA:149,0
DA:150,0
DA:154,0
DA:157,1
DA:158,0
DA:159,0
DA:174,0
DA:177,1
DA:178,0
DA:179,0
DA:188,0
DA:191,1
DA:192,0
DA:193,0
DA:202,0
DA:205,1
DA:206,0
DA:207,0
DA:216,0
DA:219,1
DA:220,0
DA:221,0
DA:230,0
DA:233,1
DA:234,0
DA:235,0
DA:244,0
DA:247,1
DA:248,0
DA:249,0
DA:251,0
DA:254,1
DA:255,0
DA:257,0
DA:260,0
DA:263,0
DA:266,1
DA:267,0
DA:268,0
DA:275,0
DA:277,0
DA:280,1
DA:281,0
DA:282,0
DA:289,0
DA:291,0
DA:294,1
LF:89
LH:22
BRDA:17,0,0,0
BRDA:64,1,0,0
BRDA:64,1,1,0
BRDA:64,1,2,0
BRDA:64,1,3,0
BRDA:64,1,4,0
BRDA:99,2,0,0
BRDA:140,3,0,0
BRDA:150,4,0,0
BRDA:159,5,0,0
BRDA:179,6,0,0
BRDA:193,7,0,0
BRDA:207,8,0,0
BRDA:221,9,0,0
BRDA:235,10,0,0
BRDA:249,11,0,0
BRDA:257,12,0,0
BRDA:257,13,0,0
BRDA:257,13,1,0
BRDA:257,13,2,0
BRDA:268,14,0,0
BRDA:275,15,0,0
BRDA:275,15,1,0
BRDA:282,16,0,0
BRDA:289,17,0,0
BRDA:289,17,1,0
BRF:26
BRH:0
end_of_record
